This is pdfTeX, Version 3.1415926-2.5-1.40.14 (MiKTeX 2.9) (preloaded format=latex 2015.6.29)  29 JUN 2015 09:49
entering extended mode
**changepage.tex
(C:\Users\camp-lsa\latex\changepage.tex
LaTeX2e <2011/06/27>
Babel <v3.8m> and hyphenation patterns for english, afrikaans, ancientgreek, ar
abic, armenian, assamese, basque, bengali, bokmal, bulgarian, catalan, coptic, 
croatian, czech, danish, dutch, esperanto, estonian, farsi, finnish, french, ga
lician, german, german-x-2013-05-26, greek, gujarati, hindi, hungarian, iceland
ic, indonesian, interlingua, irish, italian, kannada, kurmanji, latin, latvian,
 lithuanian, malayalam, marathi, mongolian, mongolianlmc, monogreek, ngerman, n
german-x-2013-05-26, nynorsk, oriya, panjabi, pinyin, polish, portuguese, roman
ian, russian, sanskrit, serbian, slovak, slovenian, spanish, swedish, swissgerm
an, tamil, telugu, turkish, turkmen, ukenglish, ukrainian, uppersorbian, usengl
ishmax, welsh, loaded.

! LaTeX Error: File `filecontents.sty' not found.

Type X to quit or <RETURN> to proceed,
or enter new name. (Default extension: sty)

Enter file name: filecontents.sty
(C:\Users\camp-lsa\latex\filecontents.sty
Package: filecontents 2011/10/08 v1.3 Create an external file from within a LaT
eX document
)

LaTeX Warning: Overwriting file `./changepage.sty'.



LaTeX Warning: Overwriting file `./chngpage.sty'.



LaTeX Warning: Overwriting file `./changepage.ins'.


("C:\Program Files (x86)\Tex\tex\latex\base\article.cls"
Document Class: article 2007/10/19 v1.4h Standard LaTeX document class
("C:\Program Files (x86)\Tex\tex\latex\base\size10.clo"
File: size10.clo 2007/10/19 v1.4h Standard LaTeX file (size option)
)
\c@part=\count79
\c@section=\count80
\c@subsection=\count81
\c@subsubsection=\count82
\c@paragraph=\count83
\c@subparagraph=\count84
\c@figure=\count85
\c@table=\count86
\abovecaptionskip=\skip41
\belowcaptionskip=\skip42
\bibindent=\dimen102
)

! LaTeX Error: File `titlesec.sty' not found.

Type X to quit or <RETURN> to proceed,
or enter new name. (Default extension: sty)

Enter file name: titlesec.sty
(C:\Users\camp-lsa\latex\titlesec.sty
Package: titlesec 2011/12/15 v2.10.0 Sectioning titles
\ttl@box=\box26
\beforetitleunit=\skip43
\aftertitleunit=\skip44
\ttl@plus=\dimen103
\ttl@minus=\dimen104
\ttl@toksa=\toks14
\titlewidth=\dimen105
\titlewidthlast=\dimen106
\titlewidthfirst=\dimen107
)

! LaTeX Error: File `bigfoot.sty' not found.

Type X to quit or <RETURN> to proceed,
or enter new name. (Default extension: sty)

Enter file name: bigfoot.sty
(C:\Users\camp-lsa\latex\bigfoot.sty
Package: bigfoot 2006/07/15 1.25 makes footnotes work

("C:\Program Files (x86)\Tex\tex\latex\misc\etex.sty"
Package: etex 1998/03/26 v2.0 eTeX basic definition package (PEB)
\et@xins=\count87
)

! LaTeX Error: File `manyfoot.sty' not found.

Type X to quit or <RETURN> to proceed,
or enter new name. (Default extension: sty)

Enter file name: manyfoot.sty
(C:\Users\camp-lsa\latex\manyfoot.sty
Package: manyfoot 2005/09/11 v1.10 Many Footnote Levels Package (NCC)


! LaTeX Error: File `nccfoots.sty' not found.

Type X to quit or <RETURN> to proceed,
or enter new name. (Default extension: sty)

Enter file name: nccfoots.sty
(C:\Users\camp-lsa\latex\nccfoots.sty
Package: nccfoots 2005/02/03 v1.2 NCC Footnotes Package (NCC)
)
\MFL@columnwidth=\dimen108
)

! LaTeX Error: File `suffix.sty' not found.

Type X to quit or <RETURN> to proceed,
or enter new name. (Default extension: sty)

Enter file name: suffix.sty
(C:\Users\camp-lsa\latex\suffix.sty
Package: suffix 2004/02/19 CVS-1.2 
)

! LaTeX Error: File `perpage.sty' not found.

Type X to quit or <RETURN> to proceed,
or enter new name. (Default extension: sty)

Enter file name: perpage.sty
(C:\Users\camp-lsa\latex\perpage.sty
Package: perpage 2006/07/15 1.12 Reset/sort counters per page
\c@abspage=\count88
)
\footnotewidowpenalty=\count89
\footnoteclubpenalty=\count90
\finalfootnotewidowpenalty=\count91
\c@FN@totalid=\count92
\c@pp@a@FN@totalid=\count93
\FN@id=\count94
\FN@master=\marks1
\FN@slave=\marks2
\FN@color=\marks3
\FN@outervsize=\dimen109
\FN@vsize=\skip45
\FN@insertions=\box27
\FN@output=\toks15
\FN@tempbox=\box28
\FN@savebox=\insert233
\FN@topmarkbox=\box29
\FN@myvsize=\dimen110
\bigfoottolerance=\count95
)

! LaTeX Error: File `xcolor.sty' not found.

Type X to quit or <RETURN> to proceed,
or enter new name. (Default extension: sty)

Enter file name: xcolor.sty
(C:\Users\camp-lsa\latex\xcolor.sty
Package: xcolor 2007/01/21 v2.11 LaTeX color extensions (UK)

("C:\Program Files (x86)\Tex\tex\latex\00miktex\color.cfg"
File: color.cfg 2007/01/18 v1.5 color configuration of teTeX/TeXLive
)
Package xcolor Info: Driver file: dvips.def on input line 225.

("C:\Program Files (x86)\Tex\tex\latex\graphics\dvips.def"
File: dvips.def 1999/02/16 v3.0i Driver-dependant file (DPC,SPQR)
)
Package xcolor Info: Model `cmy' substituted by `cmy0' on input line 1337.
Package xcolor Info: Model `RGB' extended on input line 1353.
Package xcolor Info: Model `HTML' substituted by `rgb' on input line 1355.
Package xcolor Info: Model `Hsb' substituted by `hsb' on input line 1356.
Package xcolor Info: Model `tHsb' substituted by `hsb' on input line 1357.
Package xcolor Info: Model `HSB' substituted by `hsb' on input line 1358.
Package xcolor Info: Model `Gray' substituted by `gray' on input line 1359.
Package xcolor Info: Model `wave' substituted by `hsb' on input line 1360.
)
("C:\Program Files (x86)\Tex\tex\latex\hyperref\hyperref.sty"
Package: hyperref 2012/11/06 v6.83m Hypertext links for LaTeX

("C:\Program Files (x86)\Tex\tex\generic\oberdiek\hobsub-hyperref.sty"
Package: hobsub-hyperref 2012/04/25 v1.12 Bundle oberdiek, subset hyperref (HO)


("C:\Program Files (x86)\Tex\tex\generic\oberdiek\hobsub-generic.sty"
Package: hobsub-generic 2012/04/25 v1.12 Bundle oberdiek, subset generic (HO)
Package: hobsub 2012/04/25 v1.12 Construct package bundles (HO)
Package: infwarerr 2010/04/08 v1.3 Providing info/warning/error messages (HO)
Package: ltxcmds 2011/11/09 v1.22 LaTeX kernel commands for general use (HO)
Package: ifluatex 2010/03/01 v1.3 Provides the ifluatex switch (HO)
Package ifluatex Info: LuaTeX not detected.
Package: ifvtex 2010/03/01 v1.5 Detect VTeX and its facilities (HO)
Package ifvtex Info: VTeX not detected.
Package: intcalc 2007/09/27 v1.1 Expandable calculations with integers (HO)
Package: ifpdf 2011/01/30 v2.3 Provides the ifpdf switch (HO)
Package ifpdf Info: pdfTeX in PDF mode is not detected.
Package: etexcmds 2011/02/16 v1.5 Avoid name clashes with e-TeX commands (HO)
Package etexcmds Info: Could not find \expanded.
(etexcmds)             That can mean that you are not using pdfTeX 1.50 or
(etexcmds)             that some package has redefined \expanded.
(etexcmds)             In the latter case, load this package earlier.
Package: kvsetkeys 2012/04/25 v1.16 Key value parser (HO)
Package: kvdefinekeys 2011/04/07 v1.3 Define keys (HO)
Package: pdftexcmds 2011/11/29 v0.20 Utility functions of pdfTeX for LuaTeX (HO
)
Package pdftexcmds Info: LuaTeX not detected.
Package pdftexcmds Info: \pdf@primitive is available.
Package pdftexcmds Info: \pdf@ifprimitive is available.
Package pdftexcmds Info: \pdfdraftmode is ignored in DVI mode.
Package: pdfescape 2011/11/25 v1.13 Implements pdfTeX's escape features (HO)
Package: bigintcalc 2012/04/08 v1.3 Expandable calculations on big integers (HO
)
Package: bitset 2011/01/30 v1.1 Handle bit-vector datatype (HO)
Package: uniquecounter 2011/01/30 v1.2 Provide unlimited unique counter (HO)
)
Package hobsub Info: Skipping package `hobsub' (already loaded).
Package: letltxmacro 2010/09/02 v1.4 Let assignment for LaTeX macros (HO)
Package: hopatch 2011/06/24 v1.1 Wrapper for package hooks (HO)
Package: xcolor-patch 2011/01/30 xcolor patch
Package: atveryend 2011/06/30 v1.8 Hooks at the very end of document (HO)
Package atveryend Info: \enddocument detected (standard20110627).
Package: atbegshi 2011/10/05 v1.16 At begin shipout hook (HO)
Package: refcount 2011/10/16 v3.4 Data extraction from label references (HO)
Package: hycolor 2011/01/30 v1.7 Color options for hyperref/bookmark (HO)
)
("C:\Program Files (x86)\Tex\tex\latex\graphics\keyval.sty"
Package: keyval 1999/03/16 v1.13 key=value parser (DPC)
\KV@toks@=\toks16
)
("C:\Program Files (x86)\Tex\tex\generic\ifxetex\ifxetex.sty"
Package: ifxetex 2010/09/12 v0.6 Provides ifxetex conditional
)
("C:\Program Files (x86)\Tex\tex\latex\oberdiek\auxhook.sty"
Package: auxhook 2011/03/04 v1.3 Hooks for auxiliary files (HO)
)
("C:\Program Files (x86)\Tex\tex\latex\oberdiek\kvoptions.sty"
Package: kvoptions 2011/06/30 v3.11 Key value format for package options (HO)
)
\@linkdim=\dimen111
\Hy@linkcounter=\count96
\Hy@pagecounter=\count97

("C:\Program Files (x86)\Tex\tex\latex\hyperref\pd1enc.def"
File: pd1enc.def 2012/11/06 v6.83m Hyperref: PDFDocEncoding definition (HO)
)
\Hy@SavedSpaceFactor=\count98

("C:\Program Files (x86)\Tex\tex\latex\00miktex\hyperref.cfg"
File: hyperref.cfg 2002/06/06 v1.2 hyperref configuration of TeXLive
)
Package hyperref Info: Option `hyperfootnotes' set `false' on input line 4319.
Package hyperref Info: Option `colorlinks' set `true' on input line 4319.
Package hyperref Info: Option `linktocpage' set `true' on input line 4319.
Package hyperref Info: Hyper figures OFF on input line 4443.
Package hyperref Info: Link nesting OFF on input line 4448.
Package hyperref Info: Hyper index ON on input line 4451.
Package hyperref Info: Plain pages OFF on input line 4458.
Package hyperref Info: Backreferencing OFF on input line 4463.
Package hyperref Info: Implicit mode ON; LaTeX internals redefined.
Package hyperref Info: Bookmarks ON on input line 4688.
\c@Hy@tempcnt=\count99


! LaTeX Error: File `url.sty' not found.

Type X to quit or <RETURN> to proceed,
or enter new name. (Default extension: sty)

Enter file name: url.sty
(C:\Users\camp-lsa\latex\url.sty
\Urlmuskip=\muskip10
Package: url 2004/03/15  ver 3.1  Verb mode for urls, etc.
)
LaTeX Info: Redefining \url on input line 5041.
\XeTeXLinkMargin=\dimen112
\Fld@menulength=\count100
\Field@Width=\dimen113
\Fld@charsize=\dimen114
Package hyperref Info: Hyper figures OFF on input line 6295.
Package hyperref Info: Link nesting OFF on input line 6300.
Package hyperref Info: Hyper index ON on input line 6303.
Package hyperref Info: backreferencing OFF on input line 6310.
Package hyperref Info: Link coloring ON on input line 6313.
Package hyperref Info: Link coloring with OCG OFF on input line 6320.
Package hyperref Info: PDF/A mode OFF on input line 6325.
LaTeX Info: Redefining \ref on input line 6365.
LaTeX Info: Redefining \pageref on input line 6369.
\Hy@abspage=\count101
\c@Item=\count102
)

Package hyperref Message: Driver (default): hdvips.

("C:\Program Files (x86)\Tex\tex\latex\hyperref\hdvips.def"
File: hdvips.def 2012/11/06 v6.83m Hyperref driver for dvips

("C:\Program Files (x86)\Tex\tex\latex\hyperref\pdfmark.def"
File: pdfmark.def 2012/11/06 v6.83m Hyperref definitions for pdfmark specials
\pdf@docset=\toks17
\pdf@box=\box30
\pdf@toks=\toks18
\pdf@defaulttoks=\toks19
\HyField@AnnotCount=\count103
\Fld@listcount=\count104
\c@bookmark@seq@number=\count105

("C:\Program Files (x86)\Tex\tex\latex\oberdiek\rerunfilecheck.sty"
Package: rerunfilecheck 2011/04/15 v1.7 Rerun checks for auxiliary files (HO)
Package uniquecounter Info: New unique counter `rerunfilecheck' on input line 2
82.
)
\Hy@SectionHShift=\skip46
))

! LaTeX Error: File `gmdoc.sty' not found.

Type X to quit or <RETURN> to proceed,
or enter new name. (Default extension: sty)

Enter file name: gmdoc.sty
(C:\Users\camp-lsa\latex\gmdoc.sty
Package: gmdoc 2008/11/22 v0.99r a documenting package (GM)


! LaTeX Error: File `gmutils.sty' not found.

Type X to quit or <RETURN> to proceed,
or enter new name. (Default extension: sty)

Enter file name: gmutils.sty
(C:\Users\camp-lsa\latex\gmutils.sty
Package: gmutils 2008/11/22 v0.97 some rather TeXnical macros, some of them tri
cky (GM)
\@temptokenb=\toks20
\xparsed@args=\toks21
\c@gm@PronounGender=\count106

("C:\Program Files (x86)\Tex\tex\latex\tools\calc.sty"
Package: calc 2007/08/22 v4.3 Infix arithmetic (KKT,FJ)
\calc@Acount=\count107
\calc@Bcount=\count108
\calc@Adimen=\dimen115
\calc@Bdimen=\dimen116
\calc@Askip=\skip47
\calc@Bskip=\skip48
LaTeX Info: Redefining \setlength on input line 76.
LaTeX Info: Redefining \addtolength on input line 77.
\calc@Ccount=\count109
\calc@Cskip=\skip49
)
\gmu@luzniej=\count110
\whernskip=\skip50
)
("C:\Program Files (x86)\Tex\tex\latex\xkeyval\xkeyval.sty"
Package: xkeyval 2012/10/14 v2.6b package option processing (HA)

("C:\Program Files (x86)\Tex\tex\generic\xkeyval\xkeyval.tex"
\XKV@toks=\toks22
\XKV@tempa@toks=\toks23
\XKV@depth=\count111
File: xkeyval.tex 2012/10/14 v2.6b key=value parser (HA)
))
Package hyperref Info: Option `colorlinks' set `true' on input line 2145.


! LaTeX Error: File `gmiflink.sty' not found.

Type X to quit or <RETURN> to proceed,
or enter new name. (Default extension: sty)

Enter file name: gmiflink.sty
(C:\Users\camp-lsa\latex\gmiflink.sty
Package: gmiflink 2006/08/16 v0.97 Conditionally hyperlinking package (GM)
\c@GMhlabel=\count112
)

! LaTeX Error: File `gmverb.sty' not found.

Type X to quit or <RETURN> to proceed,
or enter new name. (Default extension: sty)

Enter file name: gmverb.sty
(C:\Users\camp-lsa\latex\gmverb.sty
Package: gmverb 2006/12/01 v0.78 After shortvrb (FM) but my way (GM)

! Missing number, treated as zero.
<to be read again> 
                   }
l.190 \begin{catcode}
                     `\ \active
? 
! Missing number, treated as zero.
<to be read again> 
                   }
l.190 \begin{catcode}
                     `\ \active
? 
! Extra }, or forgotten \endgroup.
<recently read> }
                 
l.190 \begin{catcode}
                     `\ \active
? 
! Extra \else.
<argument> {\@begnamedgroup {catcode}}\else 
                                            \afterfi {\@latex@error {Environ...
l.190 \begin{catcode}
                     `\ \active
? 
)
Runaway argument?
{\@latex@error {Environment catcode undefined}\@eha }`\ \active \gdef \ETC.
! File ended while scanning use of \afterfi.
<inserted text> 
                \par 
l.2157 \RequirePackage{gmverb}[2008/08/20]
                                          
? 

LaTeX Warning: You have requested, on input line 2157, version
               `2008/08/20' of package gmverb,
               but only version
               `2006/12/01 v0.78 After shortvrb (FM) but my way (GM)'
               is available.

("C:\Program Files (x86)\Tex\tex\latex\base\makeidx.sty"
Package: makeidx 2000/03/29 v1.0m Standard LaTeX package
)
\@indexfile=\write3

Writing index file changepage.idx
! Undefined control sequence.
\Code@Delim@St #1->\Code@Delim {#1}\VerbHyphen 
                                               {#1}
l.2211 \CodeDelim*\%
                    
? 

! LaTeX Error: Missing \begin{document}.

See the LaTeX manual or LaTeX Companion for explanation.
Type  H <return>  for immediate help.
 ...                                              
                                                  
l.2211 \CodeDelim*\%
                    
? 
\gmd@preverypar=\toks24
\TextIndent=\skip51
\CodeIndent=\skip52
\stanzaskip=\skip53
\CodeTopsep=\skip54
\MacroTopsep=\skip55
! Extra }, or forgotten \endgroup.
<argument> {\@begnamedgroup {obeyspaces}}
                                         \else \afterfi {\@latex@error {Envi...
l.2580 \begin{obeyspaces}
                         %
? 
! Extra \else.
<argument> {\@begnamedgroup {obeyspaces}}\else 
                                               \afterfi {\@latex@error {Envi...
l.2580 \begin{obeyspaces}
                         %
? 

! LaTeX Error: Environment obeyspaces undefined.

See the LaTeX manual or LaTeX Companion for explanation.
Type  H <return>  for immediate help.
 ...                                              
                                                  
l.2681         \fi
                  }
? 
! Extra \else.
<argument> {}\else 
                   \afterfi {\@badend {obeyspaces}}
l.2681         \fi
                  }
? 
! Extra \fi.
\afterfi #1\fi ->\fi 
                     #1
l.2681         \fi
                  }
? 

! LaTeX Error: \begin{obeyspaces} on input line 2580 ended by \end{obeyspaces}.


See the LaTeX manual or LaTeX Companion for explanation.
Type  H <return>  for immediate help.
 ...                                              
                                                  
l.2681         \fi
                  }
? 
! Undefined control sequence.
l.2757       \if@afternarr
                          %
? 
! Undefined control sequence.
l.2759         \if@codeskipput
                              \else%
? 
! Extra \else.
l.2759         \if@codeskipput\else
                                   %
? 
! Undefined control sequence.
l.2760           \gmd@codeskip
                              1\@aftercodegfalse%
? 

! LaTeX Error: Missing \begin{document}.

See the LaTeX manual or LaTeX Companion for explanation.
Type  H <return>  for immediate help.
 ...                                              
                                                  
l.2760           \gmd@codeskip1
                               \@aftercodegfalse%
? 
! Undefined control sequence.
l.2760           \gmd@codeskip1\@aftercodegfalse
                                                %
? 
! Extra \else.
l.2762       \else
                  \gmd@nocodeskip1{naN}%
? 
! Undefined control sequence.
l.2762       \else\gmd@nocodeskip
                                 1{naN}%
? 
! Extra \fi.
l.2763       \fi
                %
? 
! Extra \fi.
l.2764     \fi
              % if now we are
? 
! Undefined control sequence.
l.2767     \@aftercodegtrue
                           \@afternarrgfalse%
? 
! Undefined control sequence.
l.2767     \@aftercodegtrue\@afternarrgfalse
                                            %
? 
! Undefined control sequence.
l.2769     \ifdim\gmd@ldspaceswd
                                >\z@% and here the leading spaces.
? 
! Missing number, treated as zero.
<to be read again> 
                   >
l.2769     \ifdim\gmd@ldspaceswd>
                                 \z@% and here the leading spaces.
? 
! Illegal unit of measure (pt inserted).
<to be read again> 
                   >
l.2769     \ifdim\gmd@ldspaceswd>
                                 \z@% and here the leading spaces.
? 
! Undefined control sequence.
l.2793     \gmd@ldspaceswd
                          =\z@%
? 
! Undefined control sequence.
l.2794     \prevhmodegfalse
                           % we have done |\par| so we are not in the
? 
! Undefined control sequence.
l.2796     \@aftercodegtrue
                           % we want to know later that now we are
? 
! Undefined control sequence.
l.2798     \if@ilgroup
                      \aftergroup\egroup\@ilgroupfalse\fi% when we are in th...

? 
! Missing number, treated as zero.
<to be read again> 
                   \aftergroup 
l.2798     \if@ilgroup\aftergroup
                                 \egroup\@ilgroupfalse\fi% when we are in th...

? 
! Illegal unit of measure (pt inserted).
<to be read again> 
                   \aftergroup 
l.2798     \if@ilgroup\aftergroup
                                 \egroup\@ilgroupfalse\fi% when we are in th...

? 
! Undefined control sequence.
l.2798 ...@ilgroup\aftergroup\egroup\@ilgroupfalse
                                                  \fi% when we are in the in...

? 
! Extra \fi.
l.2798 ...group\aftergroup\egroup\@ilgroupfalse\fi
                                                  % when we are in the inline
? 
! Undefined control sequence.
l.2805     \gmd@charbychar
                          % we'll eat the code char by char to scan all the
? 
! Extra }, or forgotten \endgroup.
<recently read> \egroup 
                        
l.2809   }
          % of |\gmd@typesettexcode|.
? 
! Extra }, or forgotten \endgroup.
l.2810 }
        % of |\foone\obeylines|.
? 
\gmd@spacewd=\skip56
\gmd@ldspaceswd=\skip57
\c@DocInputsCount=\count113
\c@codelinenum=\count114
\gmd@closingspacewd=\skip58
! Undefined control sequence.
l.3492 \edef\encapchar{\xiiclub
                               }
? 
! Extra \else.
<argument> ...gmd@adef@currdef \endcsname }}\else 
                                                  \afterfi {}
l.4235 \DeclareDefining[star=false]\def
                                       
? 
! Extra \fi.
\afterfi #1\fi ->\fi 
                     #1
l.4235 \DeclareDefining[star=false]\def
                                       
? 
! Incomplete \iffalse; all text was ignored after line 4235.
<inserted text> 
                \fi 
l.4236 \DeclareDefining
                       [star=false]\pdef% it's a~\pk{gmutils}' shorthand for...

? 
! Extra \else.
<argument> ...gmd@adef@currdef \endcsname }}\else 
                                                  \afterfi {}
l.4236 \DeclareDefining[star=false]\pdef
                                        % it's a~\pk{gmutils}' shorthand for...

? 
! Extra \fi.
\afterfi #1\fi ->\fi 
                     #1
l.4236 \DeclareDefining[star=false]\pdef
                                        % it's a~\pk{gmutils}' shorthand for...

? 
! Incomplete \iffalse; all text was ignored after line 4236.
<inserted text> 
                \fi 
l.4237 \DeclareDefining
                       [star=false]\provide% a~\pk{gmutils}' conditional \in...

? 
! Extra \else.
<argument> ...gmd@adef@currdef \endcsname }}\else 
                                                  \afterfi {}
l.4237 \DeclareDefining[star=false]\provide
                                           % a~\pk{gmutils}' conditional \in...

? 
! Extra \fi.
\afterfi #1\fi ->\fi 
                     #1
l.4237 \DeclareDefining[star=false]\provide
                                           % a~\pk{gmutils}' conditional \in...

? 
! Incomplete \iffalse; all text was ignored after line 4237.
<inserted text> 
                \fi 
l.4238 \DeclareDefining
                       [star=false]\pprovide% a~\pk{gmutils}' conditional \i...

? 
! Extra \else.
<argument> ...gmd@adef@currdef \endcsname }}\else 
                                                  \afterfi {}
l.4238 \DeclareDefining[star=false]\pprovide
                                            % a~\pk{gmutils}' conditional \i...

? 
! Extra \fi.
\afterfi #1\fi ->\fi 
                     #1
l.4238 \DeclareDefining[star=false]\pprovide
                                            % a~\pk{gmutils}' conditional \i...

? 
! Incomplete \iffalse; all text was ignored after line 4238.
<inserted text> 
                \fi 
l.4266 \DeclareDefining
                       [star=false]\newcount
? 
! Extra \else.
<argument> ...gmd@adef@currdef \endcsname }}\else 
                                                  \afterfi {}
l.4266 \DeclareDefining[star=false]\newcount
                                            
? 
! Extra \fi.
\afterfi #1\fi ->\fi 
                     #1
l.4266 \DeclareDefining[star=false]\newcount
                                            
? 
! Incomplete \iffalse; all text was ignored after line 4266.
<inserted text> 
                \fi 
l.4267 \DeclareDefining
                       [star=false]\newdimen
? 
! Extra \else.
<argument> ...gmd@adef@currdef \endcsname }}\else 
                                                  \afterfi {}
l.4267 \DeclareDefining[star=false]\newdimen
                                            
? 
! Extra \fi.
\afterfi #1\fi ->\fi 
                     #1
l.4267 \DeclareDefining[star=false]\newdimen
                                            
? 
! Incomplete \iffalse; all text was ignored after line 4267.
<inserted text> 
                \fi 
l.4268 \DeclareDefining
                       [star=false]\newskip
? 
! Extra \else.
<argument> ...gmd@adef@currdef \endcsname }}\else 
                                                  \afterfi {}
l.4268 \DeclareDefining[star=false]\newskip
                                           
? 
! Extra \fi.
\afterfi #1\fi ->\fi 
                     #1
l.4268 \DeclareDefining[star=false]\newskip
                                           
? 
! Incomplete \iffalse; all text was ignored after line 4268.
<inserted text> 
                \fi 
l.4269 \DeclareDefining
                       [star=false]\newif
? 
! Extra \else.
<argument> ...gmd@adef@currdef \endcsname }}\else 
                                                  \afterfi {}
l.4269 \DeclareDefining[star=false]\newif
                                         
? 
! Extra \fi.
\afterfi #1\fi ->\fi 
                     #1
l.4269 \DeclareDefining[star=false]\newif
                                         
? 
! Incomplete \iffalse; all text was ignored after line 4269.
<inserted text> 
                \fi 
l.4270 \DeclareDefining
                       [star=false]\newtoks
? 
! Extra \else.
<argument> ...gmd@adef@currdef \endcsname }}\else 
                                                  \afterfi {}
l.4270 \DeclareDefining[star=false]\newtoks
                                           
? 
! Extra \fi.
\afterfi #1\fi ->\fi 
                     #1
l.4270 \DeclareDefining[star=false]\newtoks
                                           
? 
! Incomplete \iffalse; all text was ignored after line 4270.
<inserted text> 
                \fi 
l.4271 \DeclareDefining
                       [star=false]\newbox
? 
! Extra \else.
<argument> ...gmd@adef@currdef \endcsname }}\else 
                                                  \afterfi {}
l.4271 \DeclareDefining[star=false]\newbox
                                          
? 
! Extra \fi.
\afterfi #1\fi ->\fi 
                     #1
l.4271 \DeclareDefining[star=false]\newbox
                                          
? 
! Incomplete \iffalse; all text was ignored after line 4271.
<inserted text> 
                \fi 
l.4272 \DeclareDefining
                       [star=false]\newread
? 
! Extra \else.
<argument> ...gmd@adef@currdef \endcsname }}\else 
                                                  \afterfi {}
l.4272 \DeclareDefining[star=false]\newread
                                           
? 
! Extra \fi.
\afterfi #1\fi ->\fi 
                     #1
l.4272 \DeclareDefining[star=false]\newread
                                           
? 
! Incomplete \iffalse; all text was ignored after line 4272.
<inserted text> 
                \fi 
l.4273 \DeclareDefining
                       [star=false]\newwrite
? 
! Extra \else.
<argument> ...gmd@adef@currdef \endcsname }}\else 
                                                  \afterfi {}
l.4273 \DeclareDefining[star=false]\newwrite
                                            
? 
! Extra \fi.
\afterfi #1\fi ->\fi 
                     #1
l.4273 \DeclareDefining[star=false]\newwrite
                                            
? 
! Incomplete \iffalse; all text was ignored after line 4273.
<inserted text> 
                \fi 
l.4274 \DeclareDefining
                       [star=false]\newlength
? 
! Extra \else.
<argument> ...gmd@adef@currdef \endcsname }}\else 
                                                  \afterfi {}
l.4274 \DeclareDefining[star=false]\newlength
                                             
? 
! Extra \fi.
\afterfi #1\fi ->\fi 
                     #1
l.4274 \DeclareDefining[star=false]\newlength
                                             
? 
! Incomplete \iffalse; all text was ignored after line 4274.
<inserted text> 
                \fi 
l.4275 \DeclareDefining
                       [star=false]\DeclareDocumentCommand
? 
! Extra \else.
<argument> ...gmd@adef@currdef \endcsname }}\else 
                                                  \afterfi {}
l.4275 ...ining[star=false]\DeclareDocumentCommand
                                                  
? 
! Extra \fi.
\afterfi #1\fi ->\fi 
                     #1
l.4275 ...ining[star=false]\DeclareDocumentCommand
                                                  
? 
! Incomplete \iffalse; all text was ignored after line 4275.
<inserted text> 
                \fi 
l.4279 \DeclareDefining
                       \newcommand
? 
! Extra \else.
<argument> ...gmd@adef@currdef \endcsname }}\else 
                                                  \afterfi {}
l.4279 \DeclareDefining\newcommand
                                  
? 
! Extra \fi.
\afterfi #1\fi ->\fi 
                     #1
l.4279 \DeclareDefining\newcommand
                                  
? 
! Incomplete \iftrue; all text was ignored after line 4279.
<inserted text> 
                \fi 
l.4280 \DeclareDefining
                       \renewcommand
? 
! Extra \else.
<argument> ...gmd@adef@currdef \endcsname }}\else 
                                                  \afterfi {}
l.4280 \DeclareDefining\renewcommand
                                    
? 
! Extra \fi.
\afterfi #1\fi ->\fi 
                     #1
l.4280 \DeclareDefining\renewcommand
                                    
? 
! Incomplete \iftrue; all text was ignored after line 4280.
<inserted text> 
                \fi 
l.4281 \DeclareDefining
                       \providecommand
? 
! Extra \else.
<argument> ...gmd@adef@currdef \endcsname }}\else 
                                                  \afterfi {}
l.4281 \DeclareDefining\providecommand
                                      
? 
! Extra \fi.
\afterfi #1\fi ->\fi 
                     #1
l.4281 \DeclareDefining\providecommand
                                      
? 
! Incomplete \iftrue; all text was ignored after line 4281.
<inserted text> 
                \fi 
l.4282 \DeclareDefining
                       \DeclareRobustCommand
? 
! Extra \else.
<argument> ...gmd@adef@currdef \endcsname }}\else 
                                                  \afterfi {}
l.4282 \DeclareDefining\DeclareRobustCommand
                                            
? 
! Extra \fi.
\afterfi #1\fi ->\fi 
                     #1
l.4282 \DeclareDefining\DeclareRobustCommand
                                            
? 
! Incomplete \iftrue; all text was ignored after line 4282.
<inserted text> 
                \fi 
l.4283 \DeclareDefining
                       \DeclareTextCommand
? 
! Extra \else.
<argument> ...gmd@adef@currdef \endcsname }}\else 
                                                  \afterfi {}
l.4283 \DeclareDefining\DeclareTextCommand
                                          
? 
! Extra \fi.
\afterfi #1\fi ->\fi 
                     #1
l.4283 \DeclareDefining\DeclareTextCommand
                                          
? 
! Incomplete \iftrue; all text was ignored after line 4283.
<inserted text> 
                \fi 
l.4284 \DeclareDefining
                       \DeclareTextCommandDefault
? 
! Extra \else.
<argument> ...gmd@adef@currdef \endcsname }}\else 
                                                  \afterfi {}
l.4284 \DeclareDefining\DeclareTextCommandDefault
                                                 
? 
! Extra \fi.
\afterfi #1\fi ->\fi 
                     #1
l.4284 \DeclareDefining\DeclareTextCommandDefault
                                                 
? 
! Incomplete \iftrue; all text was ignored after line 4284.
<inserted text> 
                \fi 
l.4286 \DeclareDefining
                       *\newenvironment
? 
! Extra \else.
<argument> ...gmd@adef@currdef \endcsname }}\else 
                                                  \afterfi {}
l.4286 \DeclareDefining*\newenvironment
                                       
? 
! Extra \fi.
\afterfi #1\fi ->\fi 
                     #1
l.4286 \DeclareDefining*\newenvironment
                                       
? 
! Incomplete \iftrue; all text was ignored after line 4286.
<inserted text> 
                \fi 
l.4287 \DeclareDefining
                       *\renewenvironment
? 
! Extra \else.
<argument> ...gmd@adef@currdef \endcsname }}\else 
                                                  \afterfi {}
l.4287 \DeclareDefining*\renewenvironment
                                         
? 
! Extra \fi.
\afterfi #1\fi ->\fi 
                     #1
l.4287 \DeclareDefining*\renewenvironment
                                         
? 
! Incomplete \iftrue; all text was ignored after line 4287.
<inserted text> 
                \fi 
l.4288 \DeclareDefining
                       *\DeclareOption
? 
! Extra \else.
<argument> ...gmd@adef@currdef \endcsname }}\else 
                                                  \afterfi {}
l.4288 \DeclareDefining*\DeclareOption
                                      
? 
! Extra \fi.
\afterfi #1\fi ->\fi 
                     #1
l.4288 \DeclareDefining*\DeclareOption
                                      
? 
! Incomplete \iftrue; all text was ignored after line 4288.
<inserted text> 
                \fi 
l.4294 \DeclareDefining
                       *[prefix=\bslash c@]\newcounter% \label{newcounter}
? 
! Extra \else.
<argument> ...gmd@adef@currdef \endcsname }}\else 
                                                  \afterfi {}
l.4294 ...eDefining*[prefix=\bslash c@]\newcounter
                                                  % \label{newcounter}
? 
! Extra \fi.
\afterfi #1\fi ->\fi 
                     #1
l.4294 ...eDefining*[prefix=\bslash c@]\newcounter
                                                  % \label{newcounter}
? 
! Incomplete \iftrue; all text was ignored after line 4294.
<inserted text> 
                \fi 
l.4297 \DeclareDefining
                       [type=dk, prefix=\bslash]\define@key
? 
! Extra \else.
<argument> ...gmd@adef@currdef \endcsname }}\else 
                                                  \afterfi {}
l.4297 ...ning[type=dk, prefix=\bslash]\define@key
                                                  
? 
! Extra \fi.
\afterfi #1\fi ->\fi 
                     #1
l.4297 ...ning[type=dk, prefix=\bslash]\define@key
                                                  
? 
! Incomplete \iftrue; all text was ignored after line 4297.
<inserted text> 
                \fi 
l.4298 \DeclareDefining
                       [type=dk, prefix=\bslash if]\define@boolkey% the
? 
! Extra \else.
<argument> ...gmd@adef@currdef \endcsname }}\else 
                                                  \afterfi {}
l.4298 ...pe=dk, prefix=\bslash if]\define@boolkey
                                                  % the
? 
! Extra \fi.
\afterfi #1\fi ->\fi 
                     #1
l.4298 ...pe=dk, prefix=\bslash if]\define@boolkey
                                                  % the
? 
! Incomplete \iftrue; all text was ignored after line 4298.
<inserted text> 
                \fi 
l.4301 \DeclareDefining
                       [type=dk, prefix=\bslash]\define@choicekey
? 
! Extra \else.
<argument> ...gmd@adef@currdef \endcsname }}\else 
                                                  \afterfi {}
l.4301 ...ype=dk, prefix=\bslash]\define@choicekey
                                                  
? 
! Extra \fi.
\afterfi #1\fi ->\fi 
                     #1
l.4301 ...ype=dk, prefix=\bslash]\define@choicekey
                                                  
? 
! Incomplete \iftrue; all text was ignored after line 4301.
<inserted text> 
                \fi 
l.4303 \DeclareDefining
                       [type=dox, prefix=\bslash]\DeclareOptionX% the
? 
! Extra \else.
<argument> ...gmd@adef@currdef \endcsname }}\else 
                                                  \afterfi {}
l.4303 ...type=dox, prefix=\bslash]\DeclareOptionX
                                                  % the
? 
! Extra \fi.
\afterfi #1\fi ->\fi 
                     #1
l.4303 ...type=dox, prefix=\bslash]\DeclareOptionX
                                                  % the
? 
! Incomplete \iftrue; all text was ignored after line 4303.
<inserted text> 
                \fi 
l.4336 \DeclareDefining
                       [type=kvo, prefix=\bslash, KVpref=]\DeclareStringOption
? 
! Extra \else.
<argument> ...gmd@adef@currdef \endcsname }}\else 
                                                  \afterfi {}
l.4336 ...ix=\bslash, KVpref=]\DeclareStringOption
                                                  
? 
! Extra \fi.
\afterfi #1\fi ->\fi 
                     #1
l.4336 ...ix=\bslash, KVpref=]\DeclareStringOption
                                                  
? 
! Incomplete \iftrue; all text was ignored after line 4336.
<inserted text> 
                \fi 
l.4337 \DeclareDefining
                       [type=kvo, prefix=\bslash, KVpref=]\DeclareBoolOption
? 
! Extra \else.
<argument> ...gmd@adef@currdef \endcsname }}\else 
                                                  \afterfi {}
l.4337 ...efix=\bslash, KVpref=]\DeclareBoolOption
                                                  
? 
! Extra \fi.
\afterfi #1\fi ->\fi 
                     #1
l.4337 ...efix=\bslash, KVpref=]\DeclareBoolOption
                                                  
? 
! Incomplete \iftrue; all text was ignored after line 4337.
<inserted text> 
                \fi 
l.4338 \DeclareDefining
                       [type=kvo, prefix=\bslash, KVpref=]\DeclareComplement...

? 
! Extra \else.
<argument> ...gmd@adef@currdef \endcsname }}\else 
                                                  \afterfi {}
l.4338 ...ash, KVpref=]\DeclareComplementaryOption
                                                  
? 
! Extra \fi.
\afterfi #1\fi ->\fi 
                     #1
l.4338 ...ash, KVpref=]\DeclareComplementaryOption
                                                  
? 
! Incomplete \iftrue; all text was ignored after line 4338.
<inserted text> 
                \fi 
l.4339 \DeclareDefining
                       [type=kvo, prefix=\bslash, KVpref=]\DeclareVoidOption
? 
! Extra \else.
<argument> ...gmd@adef@currdef \endcsname }}\else 
                                                  \afterfi {}
l.4339 ...efix=\bslash, KVpref=]\DeclareVoidOption
                                                  
? 
! Extra \fi.
\afterfi #1\fi ->\fi 
                     #1
l.4339 ...efix=\bslash, KVpref=]\DeclareVoidOption
                                                  
? 
! Undefined control sequence.
l.4506       \edef\gmu@tempa{\IndexPrefix
                                         #2\actualchar%
? 
! Illegal parameter number in definition of \gmu@tempa.
<to be read again> 
                   2
l.4506       \edef\gmu@tempa{\IndexPrefix#2
                                           \actualchar%
? 
! Illegal parameter number in definition of \gmu@tempa.
<to be read again> 
                   1
l.4507         \quotechar\bslash verb*#1
                                        \quoted@eschar#2#1% The last macro in
? 
! Undefined control sequence.
l.4507 ... \quotechar\bslash verb*#1\quoted@eschar
                                                  #2#1% The last macro in
? 
! Illegal parameter number in definition of \gmu@tempa.
<to be read again> 
                   2
l.4507 ...quotechar\bslash verb*#1\quoted@eschar#2
                                                  #1% The last macro in
? 
! Illegal parameter number in definition of \gmu@tempa.
<to be read again> 
                   1
l.4507 ...otechar\bslash verb*#1\quoted@eschar#2#1
                                                  % The last macro in
? 
! Undefined control sequence.
<recently read> \special@index 
                               
l.4512       \@xa\special@index\@xa{\gmu@tempa
                                              }% We give the
? 
! You can't use `macro parameter character #' in vertical mode.
\gmu@tempa ->##
               2@"\verb*##1##2##1\global \def {}
l.4512       \@xa\special@index\@xa{\gmu@tempa
                                              }% We give the
? 

! LaTeX Error: Missing \begin{document}.

See the LaTeX manual or LaTeX Companion for explanation.
Type  H <return>  for immediate help.
 ...                                              
                                                  
l.4512       \@xa\special@index\@xa{\gmu@tempa
                                              }% We give the
? 
! You can't use `macro parameter character #' in horizontal mode.
\gmu@tempa ->##2@"\verb*##
                          1##2##1\global \def {}
l.4512       \@xa\special@index\@xa{\gmu@tempa
                                              }% We give the
? 
! You can't use `macro parameter character #' in horizontal mode.
\gmu@tempa ->##2@"\verb*##1##
                             2##1\global \def {}
l.4512       \@xa\special@index\@xa{\gmu@tempa
                                              }% We give the
? 
! You can't use `macro parameter character #' in horizontal mode.
\gmu@tempa ->##2@"\verb*##1##2##
                                1\global \def {}
l.4512       \@xa\special@index\@xa{\gmu@tempa
                                              }% We give the
? 
! Missing control sequence inserted.
<inserted text> 
                \inaccessible 
l.4512       \@xa\special@index\@xa{\gmu@tempa
                                              }% We give the
? 
! Extra }, or forgotten \endgroup.
l.4524     }
            {}% closing of |gmd/iexcl/| test.
? 
! Extra }, or forgotten \endgroup.
l.4525     }
            }
? 
! Extra }, or forgotten \endgroup.
l.4525     }}
             
? 
\gmd@oncenum=\count115
! Extra }, or forgotten \endgroup.
<argument> {\@begnamedgroup {MakePrivateLetters}}
                                                 \else \afterfi {\@latex@err...
l.5389 \begin{MakePrivateLetters}
                                 % Yes, |\DoNotIndex| does
? 
! Extra \else.
<argument> ...medgroup {MakePrivateLetters}}\else 
                                                  \afterfi {\@latex@error {E...
l.5389 \begin{MakePrivateLetters}
                                 % Yes, |\DoNotIndex| does
? 
! Extra \fi.
\afterfi #1\fi ->\fi 
                     #1
l.5530 \fi
          
? 

! LaTeX Error: Environment MakePrivateLetters undefined.

See the LaTeX manual or LaTeX Companion for explanation.
Type  H <return>  for immediate help.
 ...                                              
                                                  
l.5530 \fi
          
? 
! Extra \else.
<argument> {}\else 
                   \afterfi {\@badend {MakePrivateLetters}}
l.5530 \fi
          
? 
! Extra \fi.
\afterfi #1\fi ->\fi 
                     #1
l.5530 \fi
          
? 

! LaTeX Error: \begin{MakePrivateLetters} on input line 5389 ended by \end{Make
PrivateLetters}.

See the LaTeX manual or LaTeX Companion for explanation.
Type  H <return>  for immediate help.
 ...                                              
                                                  
l.5530 \fi
          
? 
! Undefined control sequence.
l.6421     \if@ltxDocInclude\else\xdef@filekey
                                              \fi% in the default case we add
? 
! Undefined control sequence.
l.6427     \RestoringDo\gmd@doIndexRelated
                                          
? 
! Undefined control sequence.
\set@color ->\special {color push \current@color 
                                                 }\aftergroup \reset@color 
l.6429     \clearpage
                     
? 
! Undefined control sequence.
\set@color ->\special {color push \current@color 
                                                 }\aftergroup \reset@color 
l.6429     \clearpage
                     
? 
[1

]
! Undefined control sequence.
l.6431     \gmd@writeckpt
                         {#1#2}%
? 
! You can't use `macro parameter character #' in vertical mode.
l.6431     \gmd@writeckpt{#
                           1#2}%
? 

! LaTeX Error: Missing \begin{document}.

See the LaTeX manual or LaTeX Companion for explanation.
Type  H <return>  for immediate help.
 ...                                              
                                                  
l.6431     \gmd@writeckpt{#1
                            #2}%
? 
! You can't use `macro parameter character #' in horizontal mode.
l.6431     \gmd@writeckpt{#1#
                             2}%
? 
! Extra \else.
l.6433   \else
              \@nameuse{cp@#1#2}%
? 
! Extra \fi.
l.6434   \fi
            
? 
\c@gmd@mc=\count116
\c@StandardModuleDepth=\count117
Package gmdoc Info: 
The \DontCheckModules macro is not supported by this package
 and therefore has no effect but this notification.
 If you think it should have, please contact the maintainer
 indicated in the package's legal note.
 on input line 7539.
Package gmdoc Info: 
The \CheckModules macro is not supported by this package
 and therefore has no effect but this notification.
 If you think it should have, please contact the maintainer
 indicated in the package's legal note.
 on input line 7540.
Package gmdoc Info: 
The \AltMacroFont macro is not supported by this package
 and therefore has no effect but this notification.
 If you think it should have, please contact the maintainer
 indicated in the package's legal note.
 on input line 7544.
)
! Extra \fi.
\@missingfileerror ...name@ext }}}\reserved@a \fi 
                                                  
l.315 \usepackage
                 {gmverb}
? 
! Undefined control sequence.
<recently read> \dekclubs 
                          
l.316 \dekclubs
               
? 
! Undefined control sequence.
l.318 \CodeSpacesGrey
                     
? 

! LaTeX Error: File `tocloft.sty' not found.

Type X to quit or <RETURN> to proceed,
or enter new name. (Default extension: sty)

Enter file name: 
("C:\Program Files (x86)\Tex\tex\latex\ltxmisc\varwidth.sty"
Package: varwidth 2009/03/30 ver 0.92;  Variable-width minipages
\@vwid@box=\box31
\sift@deathcycles=\count118
\@vwid@loff=\dimen117
\@vwid@roff=\dimen118
)
! Undefined control sequence.
l.326 \cftbeforesecskip
                       =0pt
? 

! LaTeX Error: Missing \begin{document}.

See the LaTeX manual or LaTeX Companion for explanation.
Type  H <return>  for immediate help.
 ...                                              
                                                  
l.326 \cftbeforesecskip=
                        0pt
? 
("C:\Program Files (x86)\Tex\tex\latex\amsmath\amsmath.sty"
Package: amsmath 2013/01/14 v2.14 AMS math features
\@mathmargin=\skip59

For additional information on amsmath, use the `?' option.
("C:\Program Files (x86)\Tex\tex\latex\amsmath\amstext.sty"
Package: amstext 2000/06/29 v2.01

("C:\Program Files (x86)\Tex\tex\latex\amsmath\amsgen.sty"
File: amsgen.sty 1999/11/30 v2.0
\@emptytoks=\toks25
\ex@=\dimen119
))
("C:\Program Files (x86)\Tex\tex\latex\amsmath\amsbsy.sty"
Package: amsbsy 1999/11/29 v1.2d
\pmbraise@=\dimen120
)
("C:\Program Files (x86)\Tex\tex\latex\amsmath\amsopn.sty"
Package: amsopn 1999/12/14 v2.01 operator names
)
\inf@bad=\count119
LaTeX Info: Redefining \frac on input line 210.
\uproot@=\count120
\leftroot@=\count121
LaTeX Info: Redefining \overline on input line 306.
\classnum@=\count122
\DOTSCASE@=\count123
LaTeX Info: Redefining \ldots on input line 378.
LaTeX Info: Redefining \dots on input line 381.
LaTeX Info: Redefining \cdots on input line 466.
\Mathstrutbox@=\box32
\strutbox@=\box33
\big@size=\dimen121
LaTeX Font Info:    Redeclaring font encoding OML on input line 566.
LaTeX Font Info:    Redeclaring font encoding OMS on input line 567.
\macc@depth=\count124
\c@MaxMatrixCols=\count125
\dotsspace@=\muskip11
\c@parentequation=\count126
\dspbrk@lvl=\count127
\tag@help=\toks26
\row@=\count128
\column@=\count129
\maxfields@=\count130
\andhelp@=\toks27
\eqnshift@=\dimen122
\alignsep@=\dimen123
\tagshift@=\dimen124
\tagwidth@=\dimen125
\totwidth@=\dimen126
\lineht@=\dimen127
\@envbody=\toks28
\multlinegap=\skip60
\multlinetaggap=\skip61
\mathdisplay@stack=\toks29
LaTeX Info: Redefining \[ on input line 2665.
LaTeX Info: Redefining \] on input line 2666.
)

! LaTeX Error: File `listings.sty' not found.

Type X to quit or <RETURN> to proceed,
or enter new name. (Default extension: sty)

Enter file name: 
! Undefined control sequence.
<recently read> \lstset 
                        
l.342 \lstset
             {basicstyle=\ttfamily,columns=fullflexible}
? 

! LaTeX Error: Missing \begin{document}.

See the LaTeX manual or LaTeX Companion for explanation.
Type  H <return>  for immediate help.
 ...                                              
                                                  
l.342 \lstset{b
               asicstyle=\ttfamily,columns=fullflexible}
? 
(C:\Users\camp-lsa\latex\chngpage.sty
Package: chngpage 2009/10/20 v1.2b change page layout
\c@cp@cnt=\count131
\c@cp@tempcnt=\count132
) (C:\Users\camp-lsa\latex\changepage.sty
Package: changepage 2009/10/20 v1.0c check page and change page layout
\c@cp@cntr=\count133
\cp@tempcnt=\count134
) ("C:\Program Files (x86)\Tex\tex\latex\base\fontenc.sty"
Package: fontenc 2005/09/27 v1.99g Standard LaTeX package

("C:\Program Files (x86)\Tex\tex\latex\base\t1enc.def"
File: t1enc.def 2005/09/27 v1.99g Standard LaTeX file
LaTeX Font Info:    Redeclaring font encoding T1 on input line 43.
))

! LaTeX Error: File `microtype.sty' not found.

Type X to quit or <RETURN> to proceed,
or enter new name. (Default extension: sty)

Enter file name: 
("C:\Program Files (x86)\Tex\tex\latex\lm\lmodern.sty"
Package: lmodern 2009/10/30 v1.6 Latin Modern Fonts
LaTeX Font Info:    Overwriting symbol font `operators' in version `normal'
(Font)                  OT1/cmr/m/n --> OT1/lmr/m/n on input line 22.
LaTeX Font Info:    Overwriting symbol font `letters' in version `normal'
(Font)                  OML/cmm/m/it --> OML/lmm/m/it on input line 23.
LaTeX Font Info:    Overwriting symbol font `symbols' in version `normal'
(Font)                  OMS/cmsy/m/n --> OMS/lmsy/m/n on input line 24.
LaTeX Font Info:    Overwriting symbol font `largesymbols' in version `normal'
(Font)                  OMX/cmex/m/n --> OMX/lmex/m/n on input line 25.
LaTeX Font Info:    Overwriting symbol font `operators' in version `bold'
(Font)                  OT1/cmr/bx/n --> OT1/lmr/bx/n on input line 26.
LaTeX Font Info:    Overwriting symbol font `letters' in version `bold'
(Font)                  OML/cmm/b/it --> OML/lmm/b/it on input line 27.
LaTeX Font Info:    Overwriting symbol font `symbols' in version `bold'
(Font)                  OMS/cmsy/b/n --> OMS/lmsy/b/n on input line 28.
LaTeX Font Info:    Overwriting symbol font `largesymbols' in version `bold'
(Font)                  OMX/cmex/m/n --> OMX/lmex/m/n on input line 29.
LaTeX Font Info:    Overwriting math alphabet `\mathbf' in version `normal'
(Font)                  OT1/cmr/bx/n --> OT1/lmr/bx/n on input line 31.
LaTeX Font Info:    Overwriting math alphabet `\mathsf' in version `normal'
(Font)                  OT1/cmss/m/n --> OT1/lmss/m/n on input line 32.
LaTeX Font Info:    Overwriting math alphabet `\mathit' in version `normal'
(Font)                  OT1/cmr/m/it --> OT1/lmr/m/it on input line 33.
LaTeX Font Info:    Overwriting math alphabet `\mathtt' in version `normal'
(Font)                  OT1/cmtt/m/n --> OT1/lmtt/m/n on input line 34.
LaTeX Font Info:    Overwriting math alphabet `\mathbf' in version `bold'
(Font)                  OT1/cmr/bx/n --> OT1/lmr/bx/n on input line 35.
LaTeX Font Info:    Overwriting math alphabet `\mathsf' in version `bold'
(Font)                  OT1/cmss/bx/n --> OT1/lmss/bx/n on input line 36.
LaTeX Font Info:    Overwriting math alphabet `\mathit' in version `bold'
(Font)                  OT1/cmr/bx/it --> OT1/lmr/bx/it on input line 37.
LaTeX Font Info:    Overwriting math alphabet `\mathtt' in version `bold'
(Font)                  OT1/cmtt/m/n --> OT1/lmtt/m/n on input line 38.
)
("C:\Program Files (x86)\Tex\tex\latex\psnfss\mathpazo.sty"
Package: mathpazo 2005/04/12 PSNFSS-v9.2a Palatino w/ Pazo Math (D.Puga, WaS) 
\symupright=\mathgroup4
)
(C:\Users\camp-lsa\latex\changepage.aux)
LaTeX Font Info:    Checking defaults for OML/cmm/m/it on input line 358.
LaTeX Font Info:    ... okay on input line 358.
LaTeX Font Info:    Checking defaults for T1/cmr/m/n on input line 358.
LaTeX Font Info:    ... okay on input line 358.
LaTeX Font Info:    Checking defaults for OT1/cmr/m/n on input line 358.
LaTeX Font Info:    ... okay on input line 358.
LaTeX Font Info:    Checking defaults for OMS/cmsy/m/n on input line 358.
LaTeX Font Info:    ... okay on input line 358.
LaTeX Font Info:    Checking defaults for OMX/cmex/m/n on input line 358.
LaTeX Font Info:    ... okay on input line 358.
LaTeX Font Info:    Checking defaults for U/cmr/m/n on input line 358.
LaTeX Font Info:    ... okay on input line 358.
LaTeX Font Info:    Checking defaults for PD1/pdf/m/n on input line 358.
LaTeX Font Info:    ... okay on input line 358.
LaTeX Font Info:    Try loading font information for T1+pplj on input line 358.


("C:\Program Files (x86)\Tex\tex\latex\psnfss\t1pplj.fd"
File: t1pplj.fd 2004/09/06 font definitions for T1/pplj.
)
\footinsdefault=\insert232
\c@footnotedefault=\count135
\FN@cache232=\box34
\AtBeginShipoutBox=\box35
Package hyperref Info: Link coloring ON on input line 358.

("C:\Program Files (x86)\Tex\tex\latex\hyperref\nameref.sty"
Package: nameref 2012/10/27 v2.43 Cross-referencing by name of section

("C:\Program Files (x86)\Tex\tex\generic\oberdiek\gettitlestring.sty"
Package: gettitlestring 2010/12/03 v1.4 Cleanup title references (HO)
)
\c@section@level=\count136
)
LaTeX Info: Redefining \ref on input line 358.
LaTeX Info: Redefining \pageref on input line 358.
LaTeX Info: Redefining \nameref on input line 358.

(C:\Users\camp-lsa\latex\changepage.out)
(C:\Users\camp-lsa\latex\changepage.out)
\@outlinefile=\write4
\c@NoNumSecs=\count137

! Extra \else.
<argument> {\@begnamedgroup {document}}\else 
                                             \afterfi {\@latex@error {Enviro...
l.358 \begin{document}
                      
? 
)
Runaway argument?
{\@latex@error {Environment document undefined}\@eha } {\addtocontents \ETC.
! File ended while scanning use of \afterfi.
<inserted text> 
                \par 
<*> changepage.tex
                  
? 

*
(Please type a command or say `\end')
*
(Please type a command or say `\end')
*
(Please type a command or say `\end')
*
(Please type a command or say `\end')
*
(Please type a command or say `\end')
*
(Please type a command or say `\end')
*
(Please type a command or say `\end')
*
(Please type a command or say `\end')
*
(Please type a command or say `\end')
*
(Please type a command or say `\end')
*
(Please type a command or say `\end')
*
! Emergency stop.
<*> 
    
End of file on the terminal!

 
Here is how much of TeX's memory you used:
 8162 strings out of 493922
 115260 string characters out of 3147697
 217563 words of memory out of 3000000
 11382 multiletter control sequences out of 15000+200000
 6285 words of font info for 17 fonts, out of 3000000 for 9000
 841 hyphenation exceptions out of 8191
 32i,5n,39p,256b,3515s stack positions out of 5000i,500n,10000p,200000b,50000s
Output written on changepage.dvi (1 page, 352 bytes).
